{
  "stats": {
    "suites": 14,
    "tests": 14,
    "passes": 0,
    "pending": 0,
    "failures": 14,
    "start": "2021-06-14T15:18:53.810Z",
    "end": "2021-06-14T15:18:56.549Z",
    "duration": 2739,
    "testsRegistered": 28,
    "passPercent": 0,
    "pendingPercent": 0,
    "other": 0,
    "hasOther": false,
    "skipped": 14,
    "hasSkipped": true
  },
  "results": [
    {
      "uuid": "6223ebaa-724f-45ef-95ac-27a5487acb69",
      "title": "",
      "fullFile": "cypress/integration/project.spec.js",
      "file": "cypress/integration/project.spec.js",
      "beforeHooks": [],
      "afterHooks": [],
      "tests": [],
      "suites": [
        {
          "uuid": "c186c5d2-1456-49c0-afc8-c4303f562728",
          "title": "1 - Adicone à sua lista o título \"Minha Lista de Tarefas\" em uma tag <header>",
          "fullFile": "",
          "file": "",
          "beforeHooks": [],
          "afterHooks": [],
          "tests": [
            {
              "title": "Será verificado se sua página possui uma tag `header` com o conteúdo `Minha Lista de Tarefas`",
              "fullTitle": "1 - Adicone à sua lista o título \"Minha Lista de Tarefas\" em uma tag <header> Será verificado se sua página possui uma tag `header` com o conteúdo `Minha Lista de Tarefas`",
              "timedOut": null,
              "duration": 234,
              "state": "failed",
              "speed": null,
              "pass": false,
              "fail": true,
              "pending": false,
              "context": null,
              "code": "cy.get('header').contains(TODO_PAGE_TITLE);",
              "err": {
                "message": "TypeError: The following error originated from your application code, not from Cypress.\n\n  > Failed to execute 'getItem' on 'Storage': 1 argument required, but only 0 present.\n\nWhen Cypress detects uncaught errors originating from your application it will automatically fail the current test.\n\nThis behavior is configurable, and you can choose to turn this off by listening to the `uncaught:exception` event.\n\nhttps://on.cypress.io/uncaught-exception-from-application\n\nBecause this error occurred during a `before each` hook we are skipping the remaining tests in the current suite: `1 - Adicone à sua lista o t...`",
                "estack": "TypeError: The following error originated from your application code, not from Cypress.\n\n  > Failed to execute 'getItem' on 'Storage': 1 argument required, but only 0 present.\n\nWhen Cypress detects uncaught errors originating from your application it will automatically fail the current test.\n\nThis behavior is configurable, and you can choose to turn this off by listening to the `uncaught:exception` event.\n\nhttps://on.cypress.io/uncaught-exception-from-application\n\nBecause this error occurred during a `before each` hook we are skipping the remaining tests in the current suite: `1 - Adicone à sua lista o t...`\n    at window.onload (http://localhost:42979/script.js:96:16)",
                "diff": null
              },
              "uuid": "dd405842-d72b-4065-b483-99ec3d0ffaf0",
              "parentUUID": "c186c5d2-1456-49c0-afc8-c4303f562728",
              "isHook": false,
              "skipped": false
            }
          ],
          "suites": [],
          "passes": [],
          "failures": [
            "dd405842-d72b-4065-b483-99ec3d0ffaf0"
          ],
          "pending": [],
          "skipped": [],
          "duration": 234,
          "root": false,
          "rootEmpty": false,
          "_timeout": 2000
        },
        {
          "uuid": "795a0e91-2f26-4325-9954-b74ce5c4c579",
          "title": "2 - Adicione abaixo do título um pequeno e discreto parágrafo com id=\"funcionamento\" e com o texto \"Clique duas vezes em um item para marcá-lo como completo\"",
          "fullFile": "",
          "file": "",
          "beforeHooks": [],
          "afterHooks": [],
          "tests": [
            {
              "title": "Será verificado que existe na sua página um elemento com o id `funcionamento` com o conteúdo `Clique duas vezes em um item para marcá-lo como completo`",
              "fullTitle": "2 - Adicione abaixo do título um pequeno e discreto parágrafo com id=\"funcionamento\" e com o texto \"Clique duas vezes em um item para marcá-lo como completo\" Será verificado que existe na sua página um elemento com o id `funcionamento` com o conteúdo `Clique duas vezes em um item para marcá-lo como completo`",
              "timedOut": null,
              "duration": 125,
              "state": "failed",
              "speed": null,
              "pass": false,
              "fail": true,
              "pending": false,
              "context": null,
              "code": "cy.get(TODO_PAGE_DESCRIPTION_SELECTOR).contains(TODO_PAGE_DESCRIPTION);",
              "err": {
                "message": "TypeError: The following error originated from your application code, not from Cypress.\n\n  > Failed to execute 'getItem' on 'Storage': 1 argument required, but only 0 present.\n\nWhen Cypress detects uncaught errors originating from your application it will automatically fail the current test.\n\nThis behavior is configurable, and you can choose to turn this off by listening to the `uncaught:exception` event.\n\nhttps://on.cypress.io/uncaught-exception-from-application\n\nBecause this error occurred during a `before each` hook we are skipping the remaining tests in the current suite: `2 - Adicione abaixo do títu...`",
                "estack": "TypeError: The following error originated from your application code, not from Cypress.\n\n  > Failed to execute 'getItem' on 'Storage': 1 argument required, but only 0 present.\n\nWhen Cypress detects uncaught errors originating from your application it will automatically fail the current test.\n\nThis behavior is configurable, and you can choose to turn this off by listening to the `uncaught:exception` event.\n\nhttps://on.cypress.io/uncaught-exception-from-application\n\nBecause this error occurred during a `before each` hook we are skipping the remaining tests in the current suite: `2 - Adicione abaixo do títu...`\n    at window.onload (http://localhost:42979/script.js:96:16)",
                "diff": null
              },
              "uuid": "11cf39b4-7502-4798-a16e-a59aed513dd9",
              "parentUUID": "795a0e91-2f26-4325-9954-b74ce5c4c579",
              "isHook": false,
              "skipped": false
            }
          ],
          "suites": [],
          "passes": [],
          "failures": [
            "11cf39b4-7502-4798-a16e-a59aed513dd9"
          ],
          "pending": [],
          "skipped": [],
          "duration": 125,
          "root": false,
          "rootEmpty": false,
          "_timeout": 2000
        },
        {
          "uuid": "310d0cc1-b549-44ec-a7f0-2ed9b7265723",
          "title": "3 - Adicione um input com o id=\"texto-tarefa\" onde o usuário poderá digitar o nome do item que deseja adicionar à lista",
          "fullFile": "",
          "file": "",
          "beforeHooks": [],
          "afterHooks": [],
          "tests": [
            {
              "title": "Será verificada a existência de um elemento do tipo `input` com o id `texto-tarefa`",
              "fullTitle": "3 - Adicione um input com o id=\"texto-tarefa\" onde o usuário poderá digitar o nome do item que deseja adicionar à lista Será verificada a existência de um elemento do tipo `input` com o id `texto-tarefa`",
              "timedOut": null,
              "duration": 146,
              "state": "failed",
              "speed": null,
              "pass": false,
              "fail": true,
              "pending": false,
              "context": null,
              "code": "cy.get(TODO_ADD_INPUT_SELECTOR).should('exist');",
              "err": {
                "message": "TypeError: The following error originated from your application code, not from Cypress.\n\n  > Failed to execute 'getItem' on 'Storage': 1 argument required, but only 0 present.\n\nWhen Cypress detects uncaught errors originating from your application it will automatically fail the current test.\n\nThis behavior is configurable, and you can choose to turn this off by listening to the `uncaught:exception` event.\n\nhttps://on.cypress.io/uncaught-exception-from-application\n\nBecause this error occurred during a `before each` hook we are skipping the remaining tests in the current suite: `3 - Adicione um input com o...`",
                "estack": "TypeError: The following error originated from your application code, not from Cypress.\n\n  > Failed to execute 'getItem' on 'Storage': 1 argument required, but only 0 present.\n\nWhen Cypress detects uncaught errors originating from your application it will automatically fail the current test.\n\nThis behavior is configurable, and you can choose to turn this off by listening to the `uncaught:exception` event.\n\nhttps://on.cypress.io/uncaught-exception-from-application\n\nBecause this error occurred during a `before each` hook we are skipping the remaining tests in the current suite: `3 - Adicione um input com o...`\n    at window.onload (http://localhost:42979/script.js:96:16)",
                "diff": null
              },
              "uuid": "bfe94662-a512-4f27-b505-87692677d227",
              "parentUUID": "310d0cc1-b549-44ec-a7f0-2ed9b7265723",
              "isHook": false,
              "skipped": false
            }
          ],
          "suites": [],
          "passes": [],
          "failures": [
            "bfe94662-a512-4f27-b505-87692677d227"
          ],
          "pending": [],
          "skipped": [],
          "duration": 146,
          "root": false,
          "rootEmpty": false,
          "_timeout": 2000
        },
        {
          "uuid": "0a6c9c95-3f61-4214-8cc9-47aa779457eb",
          "title": "4 - Adicione uma lista ordenada de tarefas com o id=\"lista-tarefas\"",
          "fullFile": "",
          "file": "",
          "beforeHooks": [],
          "afterHooks": [],
          "tests": [
            {
              "title": "Será verificada a existência de um elemento `ol` com o id `lista-tarefas`",
              "fullTitle": "4 - Adicione uma lista ordenada de tarefas com o id=\"lista-tarefas\" Será verificada a existência de um elemento `ol` com o id `lista-tarefas`",
              "timedOut": null,
              "duration": 116,
              "state": "failed",
              "speed": null,
              "pass": false,
              "fail": true,
              "pending": false,
              "context": null,
              "code": "cy.get(TODO_LIST_SELECTOR).should('exist');",
              "err": {
                "message": "TypeError: The following error originated from your application code, not from Cypress.\n\n  > Failed to execute 'getItem' on 'Storage': 1 argument required, but only 0 present.\n\nWhen Cypress detects uncaught errors originating from your application it will automatically fail the current test.\n\nThis behavior is configurable, and you can choose to turn this off by listening to the `uncaught:exception` event.\n\nhttps://on.cypress.io/uncaught-exception-from-application\n\nBecause this error occurred during a `before each` hook we are skipping the remaining tests in the current suite: `4 - Adicione uma lista orde...`",
                "estack": "TypeError: The following error originated from your application code, not from Cypress.\n\n  > Failed to execute 'getItem' on 'Storage': 1 argument required, but only 0 present.\n\nWhen Cypress detects uncaught errors originating from your application it will automatically fail the current test.\n\nThis behavior is configurable, and you can choose to turn this off by listening to the `uncaught:exception` event.\n\nhttps://on.cypress.io/uncaught-exception-from-application\n\nBecause this error occurred during a `before each` hook we are skipping the remaining tests in the current suite: `4 - Adicione uma lista orde...`\n    at window.onload (http://localhost:42979/script.js:96:16)",
                "diff": null
              },
              "uuid": "a85298e9-795c-4aa7-a9d4-62dbef4bf907",
              "parentUUID": "0a6c9c95-3f61-4214-8cc9-47aa779457eb",
              "isHook": false,
              "skipped": false
            }
          ],
          "suites": [],
          "passes": [],
          "failures": [
            "a85298e9-795c-4aa7-a9d4-62dbef4bf907"
          ],
          "pending": [],
          "skipped": [],
          "duration": 116,
          "root": false,
          "rootEmpty": false,
          "_timeout": 2000
        },
        {
          "uuid": "53182e5e-f9e4-4e96-b3fc-aae41513c5ad",
          "title": "5 - Adicione um botão com id=\"criar-tarefa\" e, ao clicar nesse botão, um novo item deverá ser criado ao final da lista e o texto do input deve ser limpo",
          "fullFile": "",
          "file": "",
          "beforeHooks": [],
          "afterHooks": [],
          "tests": [
            {
              "title": "Será verificada a existência de um elemento do tipo `button` com o id `criar-tarefa",
              "fullTitle": "5 - Adicione um botão com id=\"criar-tarefa\" e, ao clicar nesse botão, um novo item deverá ser criado ao final da lista e o texto do input deve ser limpo Será verificada a existência de um elemento do tipo `button` com o id `criar-tarefa",
              "timedOut": null,
              "duration": 127,
              "state": "failed",
              "speed": null,
              "pass": false,
              "fail": true,
              "pending": false,
              "context": null,
              "code": "cy.get(TODO_ADD_BUTTON_SELECTOR).should('exist');",
              "err": {
                "message": "TypeError: The following error originated from your application code, not from Cypress.\n\n  > Failed to execute 'getItem' on 'Storage': 1 argument required, but only 0 present.\n\nWhen Cypress detects uncaught errors originating from your application it will automatically fail the current test.\n\nThis behavior is configurable, and you can choose to turn this off by listening to the `uncaught:exception` event.\n\nhttps://on.cypress.io/uncaught-exception-from-application\n\nBecause this error occurred during a `before each` hook we are skipping the remaining tests in the current suite: `5 - Adicione um botão com i...`",
                "estack": "TypeError: The following error originated from your application code, not from Cypress.\n\n  > Failed to execute 'getItem' on 'Storage': 1 argument required, but only 0 present.\n\nWhen Cypress detects uncaught errors originating from your application it will automatically fail the current test.\n\nThis behavior is configurable, and you can choose to turn this off by listening to the `uncaught:exception` event.\n\nhttps://on.cypress.io/uncaught-exception-from-application\n\nBecause this error occurred during a `before each` hook we are skipping the remaining tests in the current suite: `5 - Adicione um botão com i...`\n    at window.onload (http://localhost:42979/script.js:96:16)",
                "diff": null
              },
              "uuid": "d1f1d090-fec4-466d-a230-8f8928eae4ee",
              "parentUUID": "53182e5e-f9e4-4e96-b3fc-aae41513c5ad",
              "isHook": false,
              "skipped": false
            },
            {
              "title": "No campo de input será digitado o texto de uma tarefa qualquer e, em seguida, clicar-se-á no botão de criar tarefa. Será verificado que, após o clique, o texto digitado aparece na lista e desaparece do input",
              "fullTitle": "5 - Adicione um botão com id=\"criar-tarefa\" e, ao clicar nesse botão, um novo item deverá ser criado ao final da lista e o texto do input deve ser limpo No campo de input será digitado o texto de uma tarefa qualquer e, em seguida, clicar-se-á no botão de criar tarefa. Será verificado que, após o clique, o texto digitado aparece na lista e desaparece do input",
              "timedOut": null,
              "duration": 0,
              "state": "skipped",
              "speed": null,
              "pass": false,
              "fail": false,
              "pending": false,
              "context": null,
              "code": "const todo1 = {\n  content: 'minha primeira tarefa'\n};\naddTodo(todo1);\ncheckTodoList([todo1]);\ncy.get(TODO_ADD_INPUT_SELECTOR).should('have.value', '');",
              "err": {},
              "uuid": "787e5701-44e0-4cf4-909b-b16ba5368e2a",
              "parentUUID": "53182e5e-f9e4-4e96-b3fc-aae41513c5ad",
              "isHook": false,
              "skipped": true
            },
            {
              "title": "A adição de elementos na lista será feita algumas vezes, e será checado se todos os itens criados permanecem na lista na medida em que novos são adicionados",
              "fullTitle": "5 - Adicione um botão com id=\"criar-tarefa\" e, ao clicar nesse botão, um novo item deverá ser criado ao final da lista e o texto do input deve ser limpo A adição de elementos na lista será feita algumas vezes, e será checado se todos os itens criados permanecem na lista na medida em que novos são adicionados",
              "timedOut": null,
              "duration": 0,
              "state": "skipped",
              "speed": null,
              "pass": false,
              "fail": false,
              "pending": false,
              "context": null,
              "code": "const todo1 = {\n  content: 'minha primeira tarefa'\n};\nconst todo2 = {\n  content: 'minha segunda tarefa'\n};\naddTodo(todo1);\ncheckTodoList([todo1]);\naddTodo(todo2);\ncheckTodoList([todo1, todo2]);\ncy.get(TODO_ADD_INPUT_SELECTOR).should('have.value', '');",
              "err": {},
              "uuid": "0bf883ff-3de4-4873-bc54-e6aff93bf89d",
              "parentUUID": "53182e5e-f9e4-4e96-b3fc-aae41513c5ad",
              "isHook": false,
              "skipped": true
            }
          ],
          "suites": [],
          "passes": [],
          "failures": [
            "d1f1d090-fec4-466d-a230-8f8928eae4ee"
          ],
          "pending": [],
          "skipped": [
            "787e5701-44e0-4cf4-909b-b16ba5368e2a",
            "0bf883ff-3de4-4873-bc54-e6aff93bf89d"
          ],
          "duration": 127,
          "root": false,
          "rootEmpty": false,
          "_timeout": 2000
        },
        {
          "uuid": "20693f06-f3c3-4c98-8cb0-705f3f7fa63c",
          "title": "6 - Ordene os itens da lista de tarefas por ordem de criação",
          "fullFile": "",
          "file": "",
          "beforeHooks": [],
          "afterHooks": [],
          "tests": [
            {
              "title": "Três itens serão criados na lista e será checado se eles estão ordenados por ordem de criação - ou seja, primeiro o primeiro item criado, depois o segundo, e assim por diante",
              "fullTitle": "6 - Ordene os itens da lista de tarefas por ordem de criação Três itens serão criados na lista e será checado se eles estão ordenados por ordem de criação - ou seja, primeiro o primeiro item criado, depois o segundo, e assim por diante",
              "timedOut": null,
              "duration": 224,
              "state": "failed",
              "speed": null,
              "pass": false,
              "fail": true,
              "pending": false,
              "context": null,
              "code": "const todo1 = {\n  content: 'minha tarefa'\n};\nconst todo2 = {\n  content: 'minha outra tarefa'\n};\nconst todo3 = {\n  content: 'minha terceira tarefa'\n};\naddTodo(todo1);\ncheckTodoList([todo1]);\naddTodo(todo2);\ncheckTodoList([todo1, todo2]);\naddTodo(todo3);\ncheckTodoList([todo1, todo2, todo3]);",
              "err": {
                "message": "TypeError: The following error originated from your application code, not from Cypress.\n\n  > Failed to execute 'getItem' on 'Storage': 1 argument required, but only 0 present.\n\nWhen Cypress detects uncaught errors originating from your application it will automatically fail the current test.\n\nThis behavior is configurable, and you can choose to turn this off by listening to the `uncaught:exception` event.\n\nhttps://on.cypress.io/uncaught-exception-from-application\n\nBecause this error occurred during a `before each` hook we are skipping the remaining tests in the current suite: `6 - Ordene os itens da list...`",
                "estack": "TypeError: The following error originated from your application code, not from Cypress.\n\n  > Failed to execute 'getItem' on 'Storage': 1 argument required, but only 0 present.\n\nWhen Cypress detects uncaught errors originating from your application it will automatically fail the current test.\n\nThis behavior is configurable, and you can choose to turn this off by listening to the `uncaught:exception` event.\n\nhttps://on.cypress.io/uncaught-exception-from-application\n\nBecause this error occurred during a `before each` hook we are skipping the remaining tests in the current suite: `6 - Ordene os itens da list...`\n    at window.onload (http://localhost:42979/script.js:96:16)",
                "diff": null
              },
              "uuid": "f1f05629-0dc0-47cf-9ede-9675110df749",
              "parentUUID": "20693f06-f3c3-4c98-8cb0-705f3f7fa63c",
              "isHook": false,
              "skipped": false
            }
          ],
          "suites": [],
          "passes": [],
          "failures": [
            "f1f05629-0dc0-47cf-9ede-9675110df749"
          ],
          "pending": [],
          "skipped": [],
          "duration": 224,
          "root": false,
          "rootEmpty": false,
          "_timeout": 2000
        },
        {
          "uuid": "c5e92202-966f-4dbd-8ec8-fccfb5c052bf",
          "title": "7 - Clicar em um item da lista deve alterar a cor de fundo do item para cinza rgb(128,128,128)",
          "fullFile": "",
          "file": "",
          "beforeHooks": [],
          "afterHooks": [],
          "tests": [
            {
              "title": "Será verificado que, ao se carregar a página, os itens da lista **não tem** o estilo CSS `background-color: rgb(128, 128, 128)`",
              "fullTitle": "7 - Clicar em um item da lista deve alterar a cor de fundo do item para cinza rgb(128,128,128) Será verificado que, ao se carregar a página, os itens da lista **não tem** o estilo CSS `background-color: rgb(128, 128, 128)`",
              "timedOut": null,
              "duration": 132,
              "state": "failed",
              "speed": null,
              "pass": false,
              "fail": true,
              "pending": false,
              "context": null,
              "code": "const todos = [{\n  content: 'uma tarefa qualquer'\n}, {\n  content: 'uma outra tarefa atoa'\n}];\naddTodos(todos);\ncheckTodoList(todos);\ncy.get(TODO_LIST_LINE_SELECTOR).first().should('not.have.css', 'background-color', 'rgb(128, 128, 128)');",
              "err": {
                "message": "TypeError: The following error originated from your application code, not from Cypress.\n\n  > Failed to execute 'getItem' on 'Storage': 1 argument required, but only 0 present.\n\nWhen Cypress detects uncaught errors originating from your application it will automatically fail the current test.\n\nThis behavior is configurable, and you can choose to turn this off by listening to the `uncaught:exception` event.\n\nhttps://on.cypress.io/uncaught-exception-from-application\n\nBecause this error occurred during a `before each` hook we are skipping the remaining tests in the current suite: `7 - Clicar em um item da li...`",
                "estack": "TypeError: The following error originated from your application code, not from Cypress.\n\n  > Failed to execute 'getItem' on 'Storage': 1 argument required, but only 0 present.\n\nWhen Cypress detects uncaught errors originating from your application it will automatically fail the current test.\n\nThis behavior is configurable, and you can choose to turn this off by listening to the `uncaught:exception` event.\n\nhttps://on.cypress.io/uncaught-exception-from-application\n\nBecause this error occurred during a `before each` hook we are skipping the remaining tests in the current suite: `7 - Clicar em um item da li...`\n    at window.onload (http://localhost:42979/script.js:96:16)",
                "diff": null
              },
              "uuid": "18ff068c-8016-4639-888a-b768c800b9a6",
              "parentUUID": "c5e92202-966f-4dbd-8ec8-fccfb5c052bf",
              "isHook": false,
              "skipped": false
            },
            {
              "title": "Será verificado que, ao se clicar em um item da lista, ele passa a ter o estilo CSS `background-color: rgb(128, 128, 128)`",
              "fullTitle": "7 - Clicar em um item da lista deve alterar a cor de fundo do item para cinza rgb(128,128,128) Será verificado que, ao se clicar em um item da lista, ele passa a ter o estilo CSS `background-color: rgb(128, 128, 128)`",
              "timedOut": null,
              "duration": 0,
              "state": "skipped",
              "speed": null,
              "pass": false,
              "fail": false,
              "pending": false,
              "context": null,
              "code": "const todos = [{\n  content: 'uma tarefa qualquer'\n}, {\n  content: 'uma outra tarefa atoa'\n}];\naddTodos(todos);\ncheckTodoList(todos);\ncy.get(TODO_LIST_LINE_SELECTOR).first().click().then($li => {\n  expect($li).to.have.css('background-color', 'rgb(128, 128, 128)');\n});",
              "err": {},
              "uuid": "66ca5162-678d-4f55-a8f2-d2359b9b567c",
              "parentUUID": "c5e92202-966f-4dbd-8ec8-fccfb5c052bf",
              "isHook": false,
              "skipped": true
            }
          ],
          "suites": [],
          "passes": [],
          "failures": [
            "18ff068c-8016-4639-888a-b768c800b9a6"
          ],
          "pending": [],
          "skipped": [
            "66ca5162-678d-4f55-a8f2-d2359b9b567c"
          ],
          "duration": 132,
          "root": false,
          "rootEmpty": false,
          "_timeout": 2000
        },
        {
          "uuid": "37133a0c-7d12-475e-a5c6-729da2de64b4",
          "title": "8 - Não deve ser possível selecionar mais de um elemento da lista ao mesmo tempo",
          "fullFile": "",
          "file": "",
          "beforeHooks": [],
          "afterHooks": [],
          "tests": [
            {
              "title": "Será verificado que, quando um elemento da lista é selecionado, o elemento selecionado previamente deixa de sê-lo. Isso é verificado através da presença ou não do estilo `background-color: rgb(128, 128, 128)` no elemento",
              "fullTitle": "8 - Não deve ser possível selecionar mais de um elemento da lista ao mesmo tempo Será verificado que, quando um elemento da lista é selecionado, o elemento selecionado previamente deixa de sê-lo. Isso é verificado através da presença ou não do estilo `background-color: rgb(128, 128, 128)` no elemento",
              "timedOut": null,
              "duration": 132,
              "state": "failed",
              "speed": null,
              "pass": false,
              "fail": true,
              "pending": false,
              "context": null,
              "code": "const todos = [{\n  content: 'uma tarefa qualquer'\n}, {\n  content: 'uma outra tarefa atoa'\n}];\naddTodos(todos);\ncheckTodoList(todos);\ncy.get(TODO_LIST_LINE_SELECTOR).first().should('not.have.css', 'background-color', 'rgb(128, 128, 128)');\ncy.get(TODO_LIST_LINE_SELECTOR).first().click().then($li => {\n  expect($li).to.have.css('background-color', 'rgb(128, 128, 128)');\n});\ncy.get(TODO_LIST_LINE_SELECTOR).last().click().then($li => {\n  expect($li).to.have.css('background-color', 'rgb(128, 128, 128)');\n});\ncy.get(TODO_LIST_LINE_SELECTOR).first().should('not.have.css', 'background-color', 'rgb(128, 128, 128)');",
              "err": {
                "message": "TypeError: The following error originated from your application code, not from Cypress.\n\n  > Failed to execute 'getItem' on 'Storage': 1 argument required, but only 0 present.\n\nWhen Cypress detects uncaught errors originating from your application it will automatically fail the current test.\n\nThis behavior is configurable, and you can choose to turn this off by listening to the `uncaught:exception` event.\n\nhttps://on.cypress.io/uncaught-exception-from-application\n\nBecause this error occurred during a `before each` hook we are skipping the remaining tests in the current suite: `8 - Não deve ser possível s...`",
                "estack": "TypeError: The following error originated from your application code, not from Cypress.\n\n  > Failed to execute 'getItem' on 'Storage': 1 argument required, but only 0 present.\n\nWhen Cypress detects uncaught errors originating from your application it will automatically fail the current test.\n\nThis behavior is configurable, and you can choose to turn this off by listening to the `uncaught:exception` event.\n\nhttps://on.cypress.io/uncaught-exception-from-application\n\nBecause this error occurred during a `before each` hook we are skipping the remaining tests in the current suite: `8 - Não deve ser possível s...`\n    at window.onload (http://localhost:42979/script.js:96:16)",
                "diff": null
              },
              "uuid": "036f755f-41ca-4802-8f97-f06d62145bd2",
              "parentUUID": "37133a0c-7d12-475e-a5c6-729da2de64b4",
              "isHook": false,
              "skipped": false
            }
          ],
          "suites": [],
          "passes": [],
          "failures": [
            "036f755f-41ca-4802-8f97-f06d62145bd2"
          ],
          "pending": [],
          "skipped": [],
          "duration": 132,
          "root": false,
          "rootEmpty": false,
          "_timeout": 2000
        },
        {
          "uuid": "a2bb2f8e-77e8-4f43-a3e6-7b8afd2b7d67",
          "title": "9 - Clicar duas vezes em um item, faz com que ele seja riscado, indicando que foi completo. Deve ser possível desfazer essa ação clicando novamente duas vezes no item",
          "fullFile": "",
          "file": "",
          "beforeHooks": [],
          "afterHooks": [],
          "tests": [
            {
              "title": "Será verificado que, antes da ação ser disparada, o elemento adicionado à lista não tem nem a classe `completed` nem o estilo `line-through solid rgb(0, 0, 0)`",
              "fullTitle": "9 - Clicar duas vezes em um item, faz com que ele seja riscado, indicando que foi completo. Deve ser possível desfazer essa ação clicando novamente duas vezes no item Será verificado que, antes da ação ser disparada, o elemento adicionado à lista não tem nem a classe `completed` nem o estilo `line-through solid rgb(0, 0, 0)`",
              "timedOut": null,
              "duration": 141,
              "state": "failed",
              "speed": null,
              "pass": false,
              "fail": true,
              "pending": false,
              "context": null,
              "code": "const todos = [{\n  content: 'já terminei essa tarefa'\n}, {\n  content: 'está eu ainda não terminei'\n}];\naddTodos(todos);\ncy.get(TODO_LIST_LINE_SELECTOR).first().should('not.have.class', 'completed');\ncy.get(TODO_LIST_LINE_SELECTOR).should('not.have.css', 'text-decoration', 'line-through solid rgb(0, 0, 0)');",
              "err": {
                "message": "TypeError: The following error originated from your application code, not from Cypress.\n\n  > Failed to execute 'getItem' on 'Storage': 1 argument required, but only 0 present.\n\nWhen Cypress detects uncaught errors originating from your application it will automatically fail the current test.\n\nThis behavior is configurable, and you can choose to turn this off by listening to the `uncaught:exception` event.\n\nhttps://on.cypress.io/uncaught-exception-from-application\n\nBecause this error occurred during a `before each` hook we are skipping the remaining tests in the current suite: `9 - Clicar duas vezes em um...`",
                "estack": "TypeError: The following error originated from your application code, not from Cypress.\n\n  > Failed to execute 'getItem' on 'Storage': 1 argument required, but only 0 present.\n\nWhen Cypress detects uncaught errors originating from your application it will automatically fail the current test.\n\nThis behavior is configurable, and you can choose to turn this off by listening to the `uncaught:exception` event.\n\nhttps://on.cypress.io/uncaught-exception-from-application\n\nBecause this error occurred during a `before each` hook we are skipping the remaining tests in the current suite: `9 - Clicar duas vezes em um...`\n    at window.onload (http://localhost:42979/script.js:96:16)",
                "diff": null
              },
              "uuid": "447f291f-ccd4-4931-b9cc-d9ac0410f7c7",
              "parentUUID": "a2bb2f8e-77e8-4f43-a3e6-7b8afd2b7d67",
              "isHook": false,
              "skipped": false
            },
            {
              "title": "Será verificado que a ação pedida é disparada mediante duplo clique no elemento da lista e que os elementos da lista completos tem em si a classe `completed` e a propriedade `text-decoration` com o valor `line-through solid rgb(0, 0, 0)`",
              "fullTitle": "9 - Clicar duas vezes em um item, faz com que ele seja riscado, indicando que foi completo. Deve ser possível desfazer essa ação clicando novamente duas vezes no item Será verificado que a ação pedida é disparada mediante duplo clique no elemento da lista e que os elementos da lista completos tem em si a classe `completed` e a propriedade `text-decoration` com o valor `line-through solid rgb(0, 0, 0)`",
              "timedOut": null,
              "duration": 0,
              "state": "skipped",
              "speed": null,
              "pass": false,
              "fail": false,
              "pending": false,
              "context": null,
              "code": "const todos = [{\n  content: 'já terminei essa tarefa'\n}, {\n  content: 'está eu ainda não terminei'\n}];\naddTodos(todos);\ncy.get(TODO_LIST_LINE_SELECTOR).first().dblclick();\ncy.get(TODO_LIST_LINE_SELECTOR).first().should('have.class', 'completed');\ncy.get('.completed').should('have.css', 'text-decoration', 'line-through solid rgb(0, 0, 0)');",
              "err": {},
              "uuid": "aff0be30-5fa1-4dcb-aff2-97ce9c3fa56b",
              "parentUUID": "a2bb2f8e-77e8-4f43-a3e6-7b8afd2b7d67",
              "isHook": false,
              "skipped": true
            },
            {
              "title": "Será verificado que, com um segundo duplo clique, um elemento completo deixa de sê-lo",
              "fullTitle": "9 - Clicar duas vezes em um item, faz com que ele seja riscado, indicando que foi completo. Deve ser possível desfazer essa ação clicando novamente duas vezes no item Será verificado que, com um segundo duplo clique, um elemento completo deixa de sê-lo",
              "timedOut": null,
              "duration": 0,
              "state": "skipped",
              "speed": null,
              "pass": false,
              "fail": false,
              "pending": false,
              "context": null,
              "code": "const todos = [{\n  content: 'já terminei essa tarefa'\n}, {\n  content: 'está eu ainda não terminei'\n}];\naddTodos(todos);\ncy.get(TODO_LIST_LINE_SELECTOR).first().dblclick().dblclick();\ncy.get(TODO_LIST_LINE_SELECTOR).first().should('not.have.class', 'completed');\ncy.get(TODO_LIST_LINE_SELECTOR).first().should('not.have.css', 'text-decoration', 'line-through solid rgb(0, 0, 0)');",
              "err": {},
              "uuid": "520dfcb5-386c-4dab-8d4c-0e7851a587da",
              "parentUUID": "a2bb2f8e-77e8-4f43-a3e6-7b8afd2b7d67",
              "isHook": false,
              "skipped": true
            }
          ],
          "suites": [],
          "passes": [],
          "failures": [
            "447f291f-ccd4-4931-b9cc-d9ac0410f7c7"
          ],
          "pending": [],
          "skipped": [
            "aff0be30-5fa1-4dcb-aff2-97ce9c3fa56b",
            "520dfcb5-386c-4dab-8d4c-0e7851a587da"
          ],
          "duration": 141,
          "root": false,
          "rootEmpty": false,
          "_timeout": 2000
        },
        {
          "uuid": "dab08bd3-c6de-4f4f-a165-269b96d11c62",
          "title": "10 - Adicione um botão com id=\"apaga-tudo\" que quando clicado deve apagar todos os itens da lista",
          "fullFile": "",
          "file": "",
          "beforeHooks": [],
          "afterHooks": [],
          "tests": [
            {
              "title": "Será verificado que existe um elemento `button` com o id `apaga-tudo`",
              "fullTitle": "10 - Adicione um botão com id=\"apaga-tudo\" que quando clicado deve apagar todos os itens da lista Será verificado que existe um elemento `button` com o id `apaga-tudo`",
              "timedOut": null,
              "duration": 138,
              "state": "failed",
              "speed": null,
              "pass": false,
              "fail": true,
              "pending": false,
              "context": null,
              "code": "cy.get(TODO_REMOVE_ALL_BUTTON_SELECTOR).should('exist');",
              "err": {
                "message": "TypeError: The following error originated from your application code, not from Cypress.\n\n  > Failed to execute 'getItem' on 'Storage': 1 argument required, but only 0 present.\n\nWhen Cypress detects uncaught errors originating from your application it will automatically fail the current test.\n\nThis behavior is configurable, and you can choose to turn this off by listening to the `uncaught:exception` event.\n\nhttps://on.cypress.io/uncaught-exception-from-application\n\nBecause this error occurred during a `before each` hook we are skipping the remaining tests in the current suite: `10 - Adicione um botão com ...`",
                "estack": "TypeError: The following error originated from your application code, not from Cypress.\n\n  > Failed to execute 'getItem' on 'Storage': 1 argument required, but only 0 present.\n\nWhen Cypress detects uncaught errors originating from your application it will automatically fail the current test.\n\nThis behavior is configurable, and you can choose to turn this off by listening to the `uncaught:exception` event.\n\nhttps://on.cypress.io/uncaught-exception-from-application\n\nBecause this error occurred during a `before each` hook we are skipping the remaining tests in the current suite: `10 - Adicione um botão com ...`\n    at window.onload (http://localhost:42979/script.js:96:16)",
                "diff": null
              },
              "uuid": "45fd19a3-7b8c-4f1f-84d1-d3728258b3d6",
              "parentUUID": "dab08bd3-c6de-4f4f-a165-269b96d11c62",
              "isHook": false,
              "skipped": false
            },
            {
              "title": "Será verificado que, dado que uma lista possui tarefas, um clique no botão a deixa vazia",
              "fullTitle": "10 - Adicione um botão com id=\"apaga-tudo\" que quando clicado deve apagar todos os itens da lista Será verificado que, dado que uma lista possui tarefas, um clique no botão a deixa vazia",
              "timedOut": null,
              "duration": 0,
              "state": "skipped",
              "speed": null,
              "pass": false,
              "fail": false,
              "pending": false,
              "context": null,
              "code": "const todos = [{\n  content: 'blablabla'\n}, {\n  content: 'hahahahaha'\n}];\naddTodos(todos);\ncy.get(TODO_REMOVE_ALL_BUTTON_SELECTOR).click();\ncheckTodoList();",
              "err": {},
              "uuid": "d623bf51-e460-4ce1-91ba-691339a6992d",
              "parentUUID": "dab08bd3-c6de-4f4f-a165-269b96d11c62",
              "isHook": false,
              "skipped": true
            }
          ],
          "suites": [],
          "passes": [],
          "failures": [
            "45fd19a3-7b8c-4f1f-84d1-d3728258b3d6"
          ],
          "pending": [],
          "skipped": [
            "d623bf51-e460-4ce1-91ba-691339a6992d"
          ],
          "duration": 138,
          "root": false,
          "rootEmpty": false,
          "_timeout": 2000
        },
        {
          "uuid": "0aab064e-51aa-4f64-b48c-1494ef513c7d",
          "title": "11 - Adicione um botão com id=\"remover-finalizados\" que quando clicado remove **somente** os elementos finalizados da sua lista",
          "fullFile": "",
          "file": "",
          "beforeHooks": [],
          "afterHooks": [],
          "tests": [
            {
              "title": "Será verificado que existe um elemento `button` com o id `remover-finalizados`",
              "fullTitle": "11 - Adicione um botão com id=\"remover-finalizados\" que quando clicado remove **somente** os elementos finalizados da sua lista Será verificado que existe um elemento `button` com o id `remover-finalizados`",
              "timedOut": null,
              "duration": 180,
              "state": "failed",
              "speed": null,
              "pass": false,
              "fail": true,
              "pending": false,
              "context": null,
              "code": "cy.get(TODO_REMOVE_DONE_BUTTON_SELECTOR).should('exist');",
              "err": {
                "message": "TypeError: The following error originated from your application code, not from Cypress.\n\n  > Failed to execute 'getItem' on 'Storage': 1 argument required, but only 0 present.\n\nWhen Cypress detects uncaught errors originating from your application it will automatically fail the current test.\n\nThis behavior is configurable, and you can choose to turn this off by listening to the `uncaught:exception` event.\n\nhttps://on.cypress.io/uncaught-exception-from-application\n\nBecause this error occurred during a `before each` hook we are skipping the remaining tests in the current suite: `11 - Adicione um botão com ...`",
                "estack": "TypeError: The following error originated from your application code, not from Cypress.\n\n  > Failed to execute 'getItem' on 'Storage': 1 argument required, but only 0 present.\n\nWhen Cypress detects uncaught errors originating from your application it will automatically fail the current test.\n\nThis behavior is configurable, and you can choose to turn this off by listening to the `uncaught:exception` event.\n\nhttps://on.cypress.io/uncaught-exception-from-application\n\nBecause this error occurred during a `before each` hook we are skipping the remaining tests in the current suite: `11 - Adicione um botão com ...`\n    at window.onload (http://localhost:42979/script.js:96:16)",
                "diff": null
              },
              "uuid": "86cf9f70-341a-4421-8041-6c25a1e4e86e",
              "parentUUID": "0aab064e-51aa-4f64-b48c-1494ef513c7d",
              "isHook": false,
              "skipped": false
            },
            {
              "title": "Será verificado que, ao clicar no botão, todos os elementos marcados como feitos são removidos da lista",
              "fullTitle": "11 - Adicione um botão com id=\"remover-finalizados\" que quando clicado remove **somente** os elementos finalizados da sua lista Será verificado que, ao clicar no botão, todos os elementos marcados como feitos são removidos da lista",
              "timedOut": null,
              "duration": 0,
              "state": "skipped",
              "speed": null,
              "pass": false,
              "fail": false,
              "pending": false,
              "context": null,
              "code": "const todo1 = {\n  content: 'vou terminar essa tarefa logo'\n};\nconst todo2 = {\n  content: 'essa tarefa eu vou demorar para finalizar'\n};\nconst todo3 = {\n  content: 'essa tarefa tbm vai demorar...'\n};\nconst todos = [todo1, todo2, todo3];\naddTodos(todos);\ncy.get(`${TODO_LIST_LINE_SELECTOR}:nth-child(2)`).dblclick();\ncy.get(`${TODO_LIST_LINE_SELECTOR}:nth-child(3)`).dblclick();\ncy.get(TODO_REMOVE_DONE_BUTTON_SELECTOR).click();\ncheckTodoList([todo1]);",
              "err": {},
              "uuid": "215ea2cb-2cc5-4610-93b0-a8b862477d92",
              "parentUUID": "0aab064e-51aa-4f64-b48c-1494ef513c7d",
              "isHook": false,
              "skipped": true
            }
          ],
          "suites": [],
          "passes": [],
          "failures": [
            "86cf9f70-341a-4421-8041-6c25a1e4e86e"
          ],
          "pending": [],
          "skipped": [
            "215ea2cb-2cc5-4610-93b0-a8b862477d92"
          ],
          "duration": 180,
          "root": false,
          "rootEmpty": false,
          "_timeout": 2000
        },
        {
          "uuid": "e4505eac-2db0-44bd-a2dd-991f56d0ef39",
          "title": "12 - Adicione um botão com id=\"salvar-tarefas\" que salve o conteúdo da lista. Se você fechar e reabrir a página, a lista deve continuar no estado em que estava",
          "fullFile": "",
          "file": "",
          "beforeHooks": [],
          "afterHooks": [],
          "tests": [
            {
              "title": "Será verificado que existe um elemento `button` com o id `salvar-tarefas`",
              "fullTitle": "12 - Adicione um botão com id=\"salvar-tarefas\" que salve o conteúdo da lista. Se você fechar e reabrir a página, a lista deve continuar no estado em que estava Será verificado que existe um elemento `button` com o id `salvar-tarefas`",
              "timedOut": null,
              "duration": 115,
              "state": "failed",
              "speed": null,
              "pass": false,
              "fail": true,
              "pending": false,
              "context": null,
              "code": "cy.get(TODO_SAVE_LIST_BUTTON_SELECTOR).should('exist');",
              "err": {
                "message": "TypeError: The following error originated from your application code, not from Cypress.\n\n  > Failed to execute 'getItem' on 'Storage': 1 argument required, but only 0 present.\n\nWhen Cypress detects uncaught errors originating from your application it will automatically fail the current test.\n\nThis behavior is configurable, and you can choose to turn this off by listening to the `uncaught:exception` event.\n\nhttps://on.cypress.io/uncaught-exception-from-application\n\nBecause this error occurred during a `before each` hook we are skipping the remaining tests in the current suite: `12 - Adicione um botão com ...`",
                "estack": "TypeError: The following error originated from your application code, not from Cypress.\n\n  > Failed to execute 'getItem' on 'Storage': 1 argument required, but only 0 present.\n\nWhen Cypress detects uncaught errors originating from your application it will automatically fail the current test.\n\nThis behavior is configurable, and you can choose to turn this off by listening to the `uncaught:exception` event.\n\nhttps://on.cypress.io/uncaught-exception-from-application\n\nBecause this error occurred during a `before each` hook we are skipping the remaining tests in the current suite: `12 - Adicione um botão com ...`\n    at window.onload (http://localhost:42979/script.js:96:16)",
                "diff": null
              },
              "uuid": "07804083-9e3c-442f-b725-d75a41b70173",
              "parentUUID": "e4505eac-2db0-44bd-a2dd-991f56d0ef39",
              "isHook": false,
              "skipped": false
            },
            {
              "title": "Será verificado que, quando a lista tem vários elementos, alguns dos quais marcados como finalizados, um recarregamento da página mantém a lista exatamente como está.",
              "fullTitle": "12 - Adicione um botão com id=\"salvar-tarefas\" que salve o conteúdo da lista. Se você fechar e reabrir a página, a lista deve continuar no estado em que estava Será verificado que, quando a lista tem vários elementos, alguns dos quais marcados como finalizados, um recarregamento da página mantém a lista exatamente como está.",
              "timedOut": null,
              "duration": 0,
              "state": "skipped",
              "speed": null,
              "pass": false,
              "fail": false,
              "pending": false,
              "context": null,
              "code": "const todo1 = {\n  content: 'primeira tarefa a ser salva'\n};\nconst todo2 = {\n  content: 'esta tarefa será salva também'\n};\nconst todo3 = {\n  content: 'mais uma para salvar'\n};\nconst todos = [todo1, todo2, todo3];\naddTodos(todos);\ncheckTodoList(todos);\ncy.get(TODO_LIST_LINE_SELECTOR).first().dblclick();\ncy.get(TODO_SAVE_LIST_BUTTON_SELECTOR).click();\ncy.reload();\nconst newTodosState = [_objectSpread(_objectSpread({}, todo1), {}, {\n  done: true\n}), todo2, todo3];\ncheckTodoList(newTodosState);",
              "err": {},
              "uuid": "f821cbd8-b82a-473b-8831-187afe8f8196",
              "parentUUID": "e4505eac-2db0-44bd-a2dd-991f56d0ef39",
              "isHook": false,
              "skipped": true
            }
          ],
          "suites": [],
          "passes": [],
          "failures": [
            "07804083-9e3c-442f-b725-d75a41b70173"
          ],
          "pending": [],
          "skipped": [
            "f821cbd8-b82a-473b-8831-187afe8f8196"
          ],
          "duration": 115,
          "root": false,
          "rootEmpty": false,
          "_timeout": 2000
        },
        {
          "uuid": "638b3d18-0535-4e5b-b3a9-5d9094a3706a",
          "title": "13 - Adicione dois botões, um com id=\"mover-cima\" e outro com id=\"mover-baixo\", que permitam mover o item selecionado para cima ou para baixo na lista de tarefas",
          "fullFile": "",
          "file": "",
          "beforeHooks": [],
          "afterHooks": [],
          "tests": [
            {
              "title": "Será verificada a existência de dois elementos `button`, um com o id `mover-cima` e o outro com o id `mover-baixo`",
              "fullTitle": "13 - Adicione dois botões, um com id=\"mover-cima\" e outro com id=\"mover-baixo\", que permitam mover o item selecionado para cima ou para baixo na lista de tarefas Será verificada a existência de dois elementos `button`, um com o id `mover-cima` e o outro com o id `mover-baixo`",
              "timedOut": null,
              "duration": 148,
              "state": "failed",
              "speed": null,
              "pass": false,
              "fail": true,
              "pending": false,
              "context": null,
              "code": "cy.get(TODO_MOVE_UP_BUTTON_SELECTOR).should('exist');\ncy.get(TODO_MOVE_DOWN_BUTTON_SELECTOR).should('exist');",
              "err": {
                "message": "TypeError: The following error originated from your application code, not from Cypress.\n\n  > Failed to execute 'getItem' on 'Storage': 1 argument required, but only 0 present.\n\nWhen Cypress detects uncaught errors originating from your application it will automatically fail the current test.\n\nThis behavior is configurable, and you can choose to turn this off by listening to the `uncaught:exception` event.\n\nhttps://on.cypress.io/uncaught-exception-from-application\n\nBecause this error occurred during a `before each` hook we are skipping the remaining tests in the current suite: `13 - Adicione dois botões, ...`",
                "estack": "TypeError: The following error originated from your application code, not from Cypress.\n\n  > Failed to execute 'getItem' on 'Storage': 1 argument required, but only 0 present.\n\nWhen Cypress detects uncaught errors originating from your application it will automatically fail the current test.\n\nThis behavior is configurable, and you can choose to turn this off by listening to the `uncaught:exception` event.\n\nhttps://on.cypress.io/uncaught-exception-from-application\n\nBecause this error occurred during a `before each` hook we are skipping the remaining tests in the current suite: `13 - Adicione dois botões, ...`\n    at window.onload (http://localhost:42979/script.js:96:16)",
                "diff": null
              },
              "uuid": "74dce250-8048-4b64-b53e-c312348e45e7",
              "parentUUID": "638b3d18-0535-4e5b-b3a9-5d9094a3706a",
              "isHook": false,
              "skipped": false
            },
            {
              "title": "Será verificado que, dado que diversos elementos foram acrescentados à lista, movimentá-los de formas diversas os deixa nas posições esperadas",
              "fullTitle": "13 - Adicione dois botões, um com id=\"mover-cima\" e outro com id=\"mover-baixo\", que permitam mover o item selecionado para cima ou para baixo na lista de tarefas Será verificado que, dado que diversos elementos foram acrescentados à lista, movimentá-los de formas diversas os deixa nas posições esperadas",
              "timedOut": null,
              "duration": 0,
              "state": "skipped",
              "speed": null,
              "pass": false,
              "fail": false,
              "pending": false,
              "context": null,
              "code": "const todos = [{\n  content: 'primeira tarefa'\n}, {\n  content: 'segunda tarefa'\n}, {\n  content: 'terceira tarefa'\n}, {\n  content: 'quarta tarefa'\n}];\nconst newTodosState = [todos[3], todos[2], todos[1], todos[0]];\naddTodos(todos);\ncheckTodoList(todos);\ncy.get(`${TODO_LIST_LINE_SELECTOR}:nth-child(2)`).click();\ncy.get(TODO_MOVE_UP_BUTTON_SELECTOR).click();\ncy.get(`${TODO_LIST_LINE_SELECTOR}:nth-child(4)`).click();\ncy.get(TODO_MOVE_UP_BUTTON_SELECTOR).click();\ncy.get(`${TODO_LIST_LINE_SELECTOR}:nth-child(3)`).click();\ncy.get(TODO_MOVE_UP_BUTTON_SELECTOR).click();\ncy.get(`${TODO_LIST_LINE_SELECTOR}:nth-child(1)`).click();\ncy.get(TODO_MOVE_DOWN_BUTTON_SELECTOR).click();\ncy.get(`${TODO_LIST_LINE_SELECTOR}:nth-child(4)`).click();\ncy.get(TODO_MOVE_UP_BUTTON_SELECTOR).click();\ncy.get(`${TODO_LIST_LINE_SELECTOR}:nth-child(3)`).click();\ncy.get(TODO_MOVE_UP_BUTTON_SELECTOR).click();\ncheckTodoList(newTodosState);",
              "err": {},
              "uuid": "f2410d2c-5b49-4ae6-b05e-69f726718302",
              "parentUUID": "638b3d18-0535-4e5b-b3a9-5d9094a3706a",
              "isHook": false,
              "skipped": true
            },
            {
              "title": "Será verificado que, caso algum elemento esteja finalizado, este status deve persistir ainda que se mova o elemento",
              "fullTitle": "13 - Adicione dois botões, um com id=\"mover-cima\" e outro com id=\"mover-baixo\", que permitam mover o item selecionado para cima ou para baixo na lista de tarefas Será verificado que, caso algum elemento esteja finalizado, este status deve persistir ainda que se mova o elemento",
              "timedOut": null,
              "duration": 0,
              "state": "skipped",
              "speed": null,
              "pass": false,
              "fail": false,
              "pending": false,
              "context": null,
              "code": "const todos = [{\n  content: 'primeira tarefa',\n  done: true\n}, {\n  content: 'segunda tarefa'\n}];\naddTodos(todos);\ncy.get(`${TODO_LIST_LINE_SELECTOR}:nth-child(1)`).click().dblclick();\ncy.get(TODO_MOVE_DOWN_BUTTON_SELECTOR).click();\ncy.get(TODO_MOVE_UP_BUTTON_SELECTOR).click();\ncheckTodoList(todos);",
              "err": {},
              "uuid": "d3c3f1fd-541c-48b8-b713-7e08c552664c",
              "parentUUID": "638b3d18-0535-4e5b-b3a9-5d9094a3706a",
              "isHook": false,
              "skipped": true
            },
            {
              "title": "Será verificado que, caso nenhum elemento esteja selecionado, clicar nos botões não altera a lista",
              "fullTitle": "13 - Adicione dois botões, um com id=\"mover-cima\" e outro com id=\"mover-baixo\", que permitam mover o item selecionado para cima ou para baixo na lista de tarefas Será verificado que, caso nenhum elemento esteja selecionado, clicar nos botões não altera a lista",
              "timedOut": null,
              "duration": 0,
              "state": "skipped",
              "speed": null,
              "pass": false,
              "fail": false,
              "pending": false,
              "context": null,
              "code": "const todos = [{\n  content: 'primeira tarefa'\n}, {\n  content: 'segunda tarefa'\n}, {\n  content: 'terceira tarefa'\n}, {\n  content: 'quarta tarefa'\n}];\naddTodos(todos);\ncheckTodoList(todos);\ncy.get(TODO_MOVE_DOWN_BUTTON_SELECTOR).click();\ncy.get(TODO_MOVE_UP_BUTTON_SELECTOR).click();\ncy.get(TODO_MOVE_UP_BUTTON_SELECTOR).click();\ncheckTodoList(todos);",
              "err": {},
              "uuid": "f6b5d006-d37a-40d7-8928-b94d0e049899",
              "parentUUID": "638b3d18-0535-4e5b-b3a9-5d9094a3706a",
              "isHook": false,
              "skipped": true
            },
            {
              "title": "Será verificado que um elemento que esteja selecionado deve se manter selecionado mesmo depois de movido",
              "fullTitle": "13 - Adicione dois botões, um com id=\"mover-cima\" e outro com id=\"mover-baixo\", que permitam mover o item selecionado para cima ou para baixo na lista de tarefas Será verificado que um elemento que esteja selecionado deve se manter selecionado mesmo depois de movido",
              "timedOut": null,
              "duration": 0,
              "state": "skipped",
              "speed": null,
              "pass": false,
              "fail": false,
              "pending": false,
              "context": null,
              "code": "const todos = [{\n  content: 'primeira tarefa'\n}, {\n  content: 'segunda tarefa'\n}];\naddTodos(todos);\ncy.get(`${TODO_LIST_LINE_SELECTOR}:nth-child(1)`).click();\ncy.get(TODO_MOVE_DOWN_BUTTON_SELECTOR).click();\nconst newTodos = [{\n  content: 'segunda tarefa'\n}, {\n  content: 'primeira tarefa'\n}];\ncheckTodoList(newTodos);\ncy.get(TODO_MOVE_UP_BUTTON_SELECTOR).click();\ncheckTodoList(todos);",
              "err": {},
              "uuid": "58514c88-5662-4252-8daf-cabde551eb5d",
              "parentUUID": "638b3d18-0535-4e5b-b3a9-5d9094a3706a",
              "isHook": false,
              "skipped": true
            },
            {
              "title": "_Caso especial!_ Será verificado que, caso se tente subir o elemento no topo da lista ou, caso se tente descer o último elemento da lista, esta não deve ser alterada",
              "fullTitle": "13 - Adicione dois botões, um com id=\"mover-cima\" e outro com id=\"mover-baixo\", que permitam mover o item selecionado para cima ou para baixo na lista de tarefas _Caso especial!_ Será verificado que, caso se tente subir o elemento no topo da lista ou, caso se tente descer o último elemento da lista, esta não deve ser alterada",
              "timedOut": null,
              "duration": 0,
              "state": "skipped",
              "speed": null,
              "pass": false,
              "fail": false,
              "pending": false,
              "context": null,
              "code": "const todos = [{\n  content: 'primeira tarefa'\n}, {\n  content: 'segunda tarefa'\n}];\naddTodos(todos);\ncy.get(`${TODO_LIST_LINE_SELECTOR}:nth-child(1)`).click();\ncy.get(TODO_MOVE_UP_BUTTON_SELECTOR).click();\ncheckTodoList(todos);\ncy.get(`${TODO_LIST_LINE_SELECTOR}:nth-child(2)`).click();\ncy.get(TODO_MOVE_DOWN_BUTTON_SELECTOR).click();\ncheckTodoList(todos);",
              "err": {},
              "uuid": "da13e871-7c8e-41e2-89ca-f08710cb4020",
              "parentUUID": "638b3d18-0535-4e5b-b3a9-5d9094a3706a",
              "isHook": false,
              "skipped": true
            }
          ],
          "suites": [],
          "passes": [],
          "failures": [
            "74dce250-8048-4b64-b53e-c312348e45e7"
          ],
          "pending": [],
          "skipped": [
            "f2410d2c-5b49-4ae6-b05e-69f726718302",
            "d3c3f1fd-541c-48b8-b713-7e08c552664c",
            "f6b5d006-d37a-40d7-8928-b94d0e049899",
            "58514c88-5662-4252-8daf-cabde551eb5d",
            "da13e871-7c8e-41e2-89ca-f08710cb4020"
          ],
          "duration": 148,
          "root": false,
          "rootEmpty": false,
          "_timeout": 2000
        },
        {
          "uuid": "c0f9c7b7-9a29-4215-929f-5678c4ee9073",
          "title": "14 - Adicione um botão com id=\"remover-selecionado\" que, quando clicado, remove o item selecionado",
          "fullFile": "",
          "file": "",
          "beforeHooks": [],
          "afterHooks": [],
          "tests": [
            {
              "title": "Será verificada a presença de um elemento `button` com um id `remover-selecionado`",
              "fullTitle": "14 - Adicione um botão com id=\"remover-selecionado\" que, quando clicado, remove o item selecionado Será verificada a presença de um elemento `button` com um id `remover-selecionado`",
              "timedOut": null,
              "duration": 143,
              "state": "failed",
              "speed": null,
              "pass": false,
              "fail": true,
              "pending": false,
              "context": null,
              "code": "cy.get(TODO_REMOVE_SELECTED_BUTTON_SELECTOR).should('exist');",
              "err": {
                "message": "TypeError: The following error originated from your application code, not from Cypress.\n\n  > Failed to execute 'getItem' on 'Storage': 1 argument required, but only 0 present.\n\nWhen Cypress detects uncaught errors originating from your application it will automatically fail the current test.\n\nThis behavior is configurable, and you can choose to turn this off by listening to the `uncaught:exception` event.\n\nhttps://on.cypress.io/uncaught-exception-from-application\n\nBecause this error occurred during a `before each` hook we are skipping the remaining tests in the current suite: `14 - Adicione um botão com ...`",
                "estack": "TypeError: The following error originated from your application code, not from Cypress.\n\n  > Failed to execute 'getItem' on 'Storage': 1 argument required, but only 0 present.\n\nWhen Cypress detects uncaught errors originating from your application it will automatically fail the current test.\n\nThis behavior is configurable, and you can choose to turn this off by listening to the `uncaught:exception` event.\n\nhttps://on.cypress.io/uncaught-exception-from-application\n\nBecause this error occurred during a `before each` hook we are skipping the remaining tests in the current suite: `14 - Adicione um botão com ...`\n    at window.onload (http://localhost:42979/script.js:96:16)",
                "diff": null
              },
              "uuid": "a36664f6-255a-4309-b846-410940f7a19c",
              "parentUUID": "c0f9c7b7-9a29-4215-929f-5678c4ee9073",
              "isHook": false,
              "skipped": false
            },
            {
              "title": "Será verificado que, no clicar no botão, somente o elemento selecionado é removido",
              "fullTitle": "14 - Adicione um botão com id=\"remover-selecionado\" que, quando clicado, remove o item selecionado Será verificado que, no clicar no botão, somente o elemento selecionado é removido",
              "timedOut": null,
              "duration": 0,
              "state": "skipped",
              "speed": null,
              "pass": false,
              "fail": false,
              "pending": false,
              "context": null,
              "code": "const todo1 = {\n  content: 'não posso remover essa tarefa'\n};\nconst todo2 = {\n  content: 'essa tarefa aqui eu posso remover'\n};\nconst todos = [todo1, todo2];\naddTodos(todos);\ncheckTodoList(todos);\ncy.get(TODO_LIST_LINE_SELECTOR).last().click();\ncy.get(TODO_REMOVE_SELECTED_BUTTON_SELECTOR).click();\ncheckTodoList([todo1]);",
              "err": {},
              "uuid": "0f2d64de-7767-4b2e-89cb-e964eeb6f362",
              "parentUUID": "c0f9c7b7-9a29-4215-929f-5678c4ee9073",
              "isHook": false,
              "skipped": true
            }
          ],
          "suites": [],
          "passes": [],
          "failures": [
            "a36664f6-255a-4309-b846-410940f7a19c"
          ],
          "pending": [],
          "skipped": [
            "0f2d64de-7767-4b2e-89cb-e964eeb6f362"
          ],
          "duration": 143,
          "root": false,
          "rootEmpty": false,
          "_timeout": 2000
        }
      ],
      "passes": [],
      "failures": [],
      "pending": [],
      "skipped": [],
      "duration": 0,
      "root": true,
      "rootEmpty": true,
      "_timeout": 2000
    }
  ],
  "meta": {
    "mocha": {
      "version": "7.0.1"
    },
    "mochawesome": {
      "options": {
        "quiet": false,
        "reportFilename": "mochawesome",
        "saveHtml": false,
        "saveJson": true,
        "consoleReporter": "spec",
        "useInlineDiffs": false
      },
      "version": "4.1.0"
    },
    "marge": {
      "options": {
        "id": "default",
        "reportDir": "cypress/reports",
        "overwrite": true,
        "html": false,
        "json": true
      },
      "version": "4.1.0"
    }
  }
}